<?xml version="1.0" encoding="UTF-8"?>
<!-- Generated by org.testng.reporters.JUnitReportReporter -->
<testsuite skipped="0" hostname="DESKTOP-MCLVAPU" name="Test.Tests" tests="1" failures="0" timestamp="16 Apr 2021 03:23:24 GMT" time="93.484" errors="0">
  <testcase name="VerifyTitle" time="93.484" classname="Test.Tests"/>
</testsuite> <!-- Test.Tests -->
