<?xml version="1.0" encoding="UTF-8"?>
<!-- Generated by org.testng.reporters.JUnitReportReporter -->
<testsuite skipped="0" hostname="DESKTOP-MCLVAPU" name="Test.Tests" tests="4" failures="0" timestamp="16 Apr 2021 03:35:10 GMT" time="233.387" errors="0">
  <testcase name="VerifyImage" time="3.011" classname="Test.Tests"/>
  <testcase name="VerifyLinks" time="24.378" classname="Test.Tests"/>
  <testcase name="VerifyTitle" time="102.036" classname="Test.Tests"/>
  <testcase name="VerifyAuthor" time="103.962" classname="Test.Tests"/>
</testsuite> <!-- Test.Tests -->
